Using pre-set license
Built from '6000.0/release' branch; Version is '6000.0.35f1 (9a3bc604008a) revision 10107846'; Using compiler version '193933523'; Build Type 'Release'
OS: 'Windows 11  (10.0.26100) 64bit CoreSingleLanguage' Language: 'tr' Physical Memory: 16122 MB
BatchMode: 1, IsHumanControllingUs: 0, StartBugReporterOnCrash: 0, Is64bit: 1, IsPro: 1

COMMAND LINE ARGUMENTS:
C:\Program Files\Unity\Hub\Editor\6000.0.35f1\Editor\Unity.exe
-adb2
-batchMode
-noUpm
-name
AssetImportWorker0
-projectPath
C:/Users/kaan-/OneDrive/Masaüstü/Essentials Project
-logFile
Logs/AssetImportWorker0.log
-srvPort
52568
-job-worker-count
5
-background-job-worker-count
8
-gc-helper-count
1
Successfully changed project path to: C:/Users/kaan-/OneDrive/Masaüstü/Essentials Project
C:/Users/kaan-/OneDrive/Masaüstü/Essentials Project
[UnityMemory] Configuration Parameters - Can be set up in boot.config
    "memorysetup-bucket-allocator-granularity=16"
    "memorysetup-bucket-allocator-bucket-count=8"
    "memorysetup-bucket-allocator-block-size=33554432"
    "memorysetup-bucket-allocator-block-count=8"
    "memorysetup-main-allocator-block-size=16777216"
    "memorysetup-thread-allocator-block-size=16777216"
    "memorysetup-gfx-main-allocator-block-size=16777216"
    "memorysetup-gfx-thread-allocator-block-size=16777216"
    "memorysetup-cache-allocator-block-size=4194304"
    "memorysetup-typetree-allocator-block-size=2097152"
    "memorysetup-profiler-bucket-allocator-granularity=16"
    "memorysetup-profiler-bucket-allocator-bucket-count=8"
    "memorysetup-profiler-bucket-allocator-block-size=33554432"
    "memorysetup-profiler-bucket-allocator-block-count=8"
    "memorysetup-profiler-allocator-block-size=16777216"
    "memorysetup-profiler-editor-allocator-block-size=1048576"
    "memorysetup-temp-allocator-size-main=16777216"
    "memorysetup-job-temp-allocator-block-size=2097152"
    "memorysetup-job-temp-allocator-block-size-background=1048576"
    "memorysetup-job-temp-allocator-reduction-small-platforms=262144"
    "memorysetup-allocator-temp-initial-block-size-main=262144"
    "memorysetup-allocator-temp-initial-block-size-worker=262144"
    "memorysetup-temp-allocator-size-background-worker=32768"
    "memorysetup-temp-allocator-size-job-worker=262144"
    "memorysetup-temp-allocator-size-preload-manager=33554432"
    "memorysetup-temp-allocator-size-nav-mesh-worker=65536"
    "memorysetup-temp-allocator-size-audio-worker=65536"
    "memorysetup-temp-allocator-size-cloud-worker=32768"
    "memorysetup-temp-allocator-size-gi-baking-worker=262144"
    "memorysetup-temp-allocator-size-gi-baking-worker=262144"
    "memorysetup-temp-allocator-size-gi-baking-worker=262144"
    "memorysetup-temp-allocator-size-gi-baking-worker=262144"
    "memorysetup-temp-allocator-size-gi-baking-worker=262144"
    "memorysetup-temp-allocator-size-gfx=262144"
Player connection [11368]  Target information:

Player connection [11368]  * "[IP] 192.168.1.53 [Port] 0 [Flags] 2 [Guid] 1191770075 [EditorId] 1191770075 [Version] 1048832 [Id] WindowsEditor(7,AJOOP) [Debug] 1 [PackageName] WindowsEditor [ProjectName] Editor" 

Player connection [11368] Host joined multi-casting on [225.0.0.222:54997]...
Player connection [11368] Host joined alternative multi-casting on [225.0.0.222:34997]...
JobSystem: Creating JobQueue using job-worker-count value 5
Input System module state changed to: Initialized.
[Physics::Module] Initialized fallback backend.
[Physics::Module] Id: 0xdecafbad
Library Redirect Path: Library/
[Physics::Module] Selected backend.
[Physics::Module] Name: PhysX
[Physics::Module] Id: 0xf2b8ea05
[Physics::Module] SDK Version: 4.1.2
[Physics::Module] Integration Version: 1.0.0
[Physics::Module] Threading Mode: Multi-Threaded
Refreshing native plugins compatible for Editor in 4.01 ms, found 4 plugins.
Preloading 0 native plugins for Editor in 0.00 ms.
Initialize engine version: 6000.0.35f1 (9a3bc604008a)
[Subsystems] Discovering subsystems at path C:/Program Files/Unity/Hub/Editor/6000.0.35f1/Editor/Data/Resources/UnitySubsystems
[Subsystems] Discovering subsystems at path C:/Users/kaan-/OneDrive/Masaüstü/Essentials Project/Assets
GfxDevice: creating device client; kGfxThreadingModeNonThreaded
Direct3D:
    Version:  Direct3D 11.0 [level 11.1]
    Renderer: NVIDIA GeForce RTX 4050 Laptop GPU (ID=0x28a1)
    Vendor:   NVIDIA
    VRAM:     5921 MB
    Driver:   32.0.15.6636
Initialize mono
Mono path[0] = 'C:/Program Files/Unity/Hub/Editor/6000.0.35f1/Editor/Data/Managed'
Mono path[1] = 'C:/Program Files/Unity/Hub/Editor/6000.0.35f1/Editor/Data/MonoBleedingEdge/lib/mono/unityjit-win32'
Mono config path = 'C:/Program Files/Unity/Hub/Editor/6000.0.35f1/Editor/Data/MonoBleedingEdge/etc'
Using monoOptions --debugger-agent=transport=dt_socket,embedding=1,server=y,suspend=n,address=127.0.0.1:56364
Begin MonoManager ReloadAssembly
Registering precompiled unity dll's ...
Register platform support module: C:/Program Files/Unity/Hub/Editor/6000.0.35f1/Editor/Data/PlaybackEngines/WebGLSupport/UnityEditor.WebGL.Extensions.dll
Register platform support module: C:/Program Files/Unity/Hub/Editor/6000.0.35f1/Editor/Data/PlaybackEngines/WindowsStandaloneSupport/UnityEditor.WindowsStandalone.Extensions.dll
Registered in 0.003868 seconds.
- Loaded All Assemblies, in  0.359 seconds
Native extension for WindowsStandalone target not found
Native extension for WebGL target not found
Mono: successfully reloaded assembly
- Finished resetting the current domain, in  0.307 seconds
Domain Reload Profiling: 665ms
	BeginReloadAssembly (124ms)
		ExecutionOrderSort (0ms)
		DisableScriptedObjects (0ms)
		BackupInstance (0ms)
		ReleaseScriptingObjects (0ms)
		CreateAndSetChildDomain (1ms)
	RebuildCommonClasses (34ms)
	RebuildNativeTypeToScriptingClass (10ms)
	initialDomainReloadingComplete (46ms)
	LoadAllAssembliesAndSetupDomain (143ms)
		LoadAssemblies (121ms)
		RebuildTransferFunctionScriptingTraits (0ms)
		AnalyzeDomain (140ms)
			TypeCache.Refresh (139ms)
				TypeCache.ScanAssembly (127ms)
			BuildScriptInfoCaches (0ms)
			ResolveRequiredComponents (0ms)
	FinalizeReload (308ms)
		ReleaseScriptCaches (0ms)
		RebuildScriptCaches (0ms)
		SetupLoadedEditorAssemblies (277ms)
			LogAssemblyErrors (0ms)
			InitializePlatformSupportModulesInManaged (28ms)
			SetLoadedEditorAssemblies (5ms)
			BeforeProcessingInitializeOnLoad (47ms)
			ProcessInitializeOnLoadAttributes (150ms)
			ProcessInitializeOnLoadMethodAttributes (47ms)
			AfterProcessingInitializeOnLoad (0ms)
			EditorAssembliesLoaded (0ms)
		ExecutionOrderSort2 (0ms)
		AwakeInstancesAfterBackupRestoration (0ms)
========================================================================
Worker process is ready to serve import requests
Import Worker Mode flag is 0x00
Begin MonoManager ReloadAssembly
Symbol file LoadedFromMemory is not a mono symbol file
- Loaded All Assemblies, in  1.131 seconds
Refreshing native plugins compatible for Editor in 2.02 ms, found 4 plugins.
Native extension for WindowsStandalone target not found
Native extension for WebGL target not found
Mono: successfully reloaded assembly
- Finished resetting the current domain, in  1.130 seconds
Domain Reload Profiling: 2256ms
	BeginReloadAssembly (163ms)
		ExecutionOrderSort (0ms)
		DisableScriptedObjects (5ms)
		BackupInstance (0ms)
		ReleaseScriptingObjects (0ms)
		CreateAndSetChildDomain (27ms)
	RebuildCommonClasses (34ms)
	RebuildNativeTypeToScriptingClass (10ms)
	initialDomainReloadingComplete (42ms)
	LoadAllAssembliesAndSetupDomain (875ms)
		LoadAssemblies (562ms)
		RebuildTransferFunctionScriptingTraits (0ms)
		AnalyzeDomain (416ms)
			TypeCache.Refresh (318ms)
				TypeCache.ScanAssembly (297ms)
			BuildScriptInfoCaches (73ms)
			ResolveRequiredComponents (18ms)
	FinalizeReload (1131ms)
		ReleaseScriptCaches (0ms)
		RebuildScriptCaches (0ms)
		SetupLoadedEditorAssemblies (995ms)
			LogAssemblyErrors (0ms)
			InitializePlatformSupportModulesInManaged (3ms)
			SetLoadedEditorAssemblies (5ms)
			BeforeProcessingInitializeOnLoad (196ms)
			ProcessInitializeOnLoadAttributes (665ms)
			ProcessInitializeOnLoadMethodAttributes (122ms)
			AfterProcessingInitializeOnLoad (4ms)
			EditorAssembliesLoaded (0ms)
		ExecutionOrderSort2 (0ms)
		AwakeInstancesAfterBackupRestoration (5ms)
Launched and connected shader compiler UnityShaderCompiler.exe after 0.01 seconds
Refreshing native plugins compatible for Editor in 1.96 ms, found 4 plugins.
Preloading 0 native plugins for Editor in 0.00 ms.
Unloading 244 Unused Serialized files (Serialized files now loaded: 0)
Unloading 7693 unused Assets / (6.3 MB). Loaded Objects now: 8427.
Memory consumption went from 204.4 MB to 198.1 MB.
Total: 9.669900 ms (FindLiveObjects: 0.617200 ms CreateObjectMapping: 0.586200 ms MarkObjects: 5.223600 ms  DeleteObjects: 3.241300 ms)

========================================================================
Received Import Request.
  Time since last request: 860151.775376 seconds.
  path: Assets/3Dfrk/Frames with pictures/Prefabs/Paint_01.prefab
  artifactKey: Guid(eded3844e29c2ec40bc278e2cbd31279) Importer(815301076,1909f56bfc062723c751e8b465ee728b)
Start importing Assets/3Dfrk/Frames with pictures/Prefabs/Paint_01.prefab using Guid(eded3844e29c2ec40bc278e2cbd31279) Importer(815301076,1909f56bfc062723c751e8b465ee728b) (PreviewImporter) -> (artifact id: 'dcfa7a0d5cb4df29231174d1721fcf7d') in 0.477267 seconds
Number of updated asset objects reloaded before import = 0Number of asset objects unloaded after import = 10

========================================================================
Received Import Request.
  Time since last request: 44.173533 seconds.
  path: Assets/Classic Picture Frame/picture.FBX
  artifactKey: Guid(fe8232f2d2f3aff44a1c3b3b1b841658) Importer(815301076,1909f56bfc062723c751e8b465ee728b)
Start importing Assets/Classic Picture Frame/picture.FBX using Guid(fe8232f2d2f3aff44a1c3b3b1b841658) Importer(815301076,1909f56bfc062723c751e8b465ee728b) (PreviewImporter) -> (artifact id: '472fb8c3f1cd29a7bcb648b40f7d81ad') in 0.0464515 seconds
Number of updated asset objects reloaded before import = 0Number of asset objects unloaded after import = 7

========================================================================
Received Import Request.
  Time since last request: 2.043454 seconds.
  path: Assets/Classic Picture Frame/picture.prefab
  artifactKey: Guid(14691c451e07ff94cb94be3f44e72ab7) Importer(815301076,1909f56bfc062723c751e8b465ee728b)
Start importing Assets/Classic Picture Frame/picture.prefab using Guid(14691c451e07ff94cb94be3f44e72ab7) Importer(815301076,1909f56bfc062723c751e8b465ee728b) (PreviewImporter) -> (artifact id: '2c6c2b9f959580f6d926a03ef4213d58') in 0.0976927 seconds
Number of updated asset objects reloaded before import = 0Number of asset objects unloaded after import = 15

========================================================================
Received Import Request.
  Time since last request: 3.468576 seconds.
  path: Assets/Classic Picture Frame/Textures
  artifactKey: Guid(db40154f926cd2948b8b642e6e61386b) Importer(815301076,1909f56bfc062723c751e8b465ee728b)
Start importing Assets/Classic Picture Frame/Textures using Guid(db40154f926cd2948b8b642e6e61386b) Importer(815301076,1909f56bfc062723c751e8b465ee728b) (PreviewImporter) -> (artifact id: 'c1c2670dfed7bf5bc148cbafbc09beef') in 0.0013323 seconds
Number of updated asset objects reloaded before import = 0Number of asset objects unloaded after import = 0

========================================================================
Received Import Request.
  Time since last request: 64.282749 seconds.
  path: Assets/Classic Picture Frame/picture.prefab
  artifactKey: Guid(14691c451e07ff94cb94be3f44e72ab7) Importer(815301076,1909f56bfc062723c751e8b465ee728b)
Start importing Assets/Classic Picture Frame/picture.prefab using Guid(14691c451e07ff94cb94be3f44e72ab7) Importer(815301076,1909f56bfc062723c751e8b465ee728b) (PreviewImporter) -> (artifact id: 'bdec0dff5ede89340477f6eb0769c260') in 0.023257 seconds
Number of updated asset objects reloaded before import = 0Number of asset objects unloaded after import = 15

========================================================================
Received Import Request.
  Time since last request: 323.815671 seconds.
  path: Assets/Classic Picture Frame/Textures/art_d.jpg
  artifactKey: Guid(790a05c8333895441bf1510332046d25) Importer(815301076,1909f56bfc062723c751e8b465ee728b)
Start importing Assets/Classic Picture Frame/Textures/art_d.jpg using Guid(790a05c8333895441bf1510332046d25) Importer(815301076,1909f56bfc062723c751e8b465ee728b) (PreviewImporter) -> (artifact id: '5dcd6e39c4c979f73feb15f1fb34287c') in 0.0307913 seconds
Number of updated asset objects reloaded before import = 0Number of asset objects unloaded after import = 2

========================================================================
Received Import Request.
  Time since last request: 0.000049 seconds.
  path: Assets/QA_Books/Textures/BooksA_bc.tga
  artifactKey: Guid(f0e44eb8f2942b9408ac537a26b9f908) Importer(815301076,1909f56bfc062723c751e8b465ee728b)
Start importing Assets/QA_Books/Textures/BooksA_bc.tga using Guid(f0e44eb8f2942b9408ac537a26b9f908) Importer(815301076,1909f56bfc062723c751e8b465ee728b) (PreviewImporter) -> (artifact id: '004aa95281f3ef6d2e4ce49db259bdc3') in 0.0212364 seconds
Number of updated asset objects reloaded before import = 0Number of asset objects unloaded after import = 2

========================================================================
Received Import Request.
  Time since last request: 0.000025 seconds.
  path: Assets/QA_Books/Textures/Books_n.tga
  artifactKey: Guid(4c5baded30d73c548af3399963326b0b) Importer(815301076,1909f56bfc062723c751e8b465ee728b)
Start importing Assets/QA_Books/Textures/Books_n.tga using Guid(4c5baded30d73c548af3399963326b0b) Importer(815301076,1909f56bfc062723c751e8b465ee728b) (PreviewImporter) -> (artifact id: 'c6bb8c93a7ec5395c6e204c6c57927b6') in 0.0244107 seconds
Number of updated asset objects reloaded before import = 0Number of asset objects unloaded after import = 2

========================================================================
Received Import Request.
  Time since last request: 0.000058 seconds.
  path: Assets/QA_Books/Textures/BooksA_m_ao_g.tga
  artifactKey: Guid(225fabe9fa8940c42b55bf1361356449) Importer(815301076,1909f56bfc062723c751e8b465ee728b)
Start importing Assets/QA_Books/Textures/BooksA_m_ao_g.tga using Guid(225fabe9fa8940c42b55bf1361356449) Importer(815301076,1909f56bfc062723c751e8b465ee728b) (PreviewImporter) -> (artifact id: '3cb585b2e6783b4ba9276e4d3eb69be4') in 0.0180052 seconds
Number of updated asset objects reloaded before import = 0Number of asset objects unloaded after import = 2

========================================================================
Received Import Request.
  Time since last request: 0.000046 seconds.
  path: Assets/QA_Books/Textures/BooksA_n.tga
  artifactKey: Guid(0d19b33d6e0d94a4097e5daaa08a5d48) Importer(815301076,1909f56bfc062723c751e8b465ee728b)
Start importing Assets/QA_Books/Textures/BooksA_n.tga using Guid(0d19b33d6e0d94a4097e5daaa08a5d48) Importer(815301076,1909f56bfc062723c751e8b465ee728b) (PreviewImporter) -> (artifact id: 'eec7b63d3340b0619fabc909ee0a2640') in 0.0189129 seconds
Number of updated asset objects reloaded before import = 0Number of asset objects unloaded after import = 2

========================================================================
Received Import Request.
  Time since last request: 182.574747 seconds.
  path: Assets/QA_Books/Demo scene/Demo/Lightmap-0_comp_light.exr
  artifactKey: Guid(a751c29460cec5f4baff41f4688f580e) Importer(815301076,1909f56bfc062723c751e8b465ee728b)
Start importing Assets/QA_Books/Demo scene/Demo/Lightmap-0_comp_light.exr using Guid(a751c29460cec5f4baff41f4688f580e) Importer(815301076,1909f56bfc062723c751e8b465ee728b) (PreviewImporter) -> (artifact id: '3f87202e47d8cc01dbd16ae4724c89f0') in 0.0263676 seconds
Number of updated asset objects reloaded before import = 0Number of asset objects unloaded after import = 2

